# Logfile created on 2015-05-07 21:26:43 +0100 by logger.rb/44203
I, [2015-05-07T21:26:43.218643 #35863]  INFO -- : 0:  RedCloth (4.2.9) from /Users/andrea/.rvm/gems/ruby-2.1.0/specifications/RedCloth-4.2.9.gemspec
I, [2015-05-07T21:26:43.219980 #35863]  INFO -- : 0:  i18n (0.7.0) from /Users/andrea/.rvm/gems/ruby-2.1.0/specifications/i18n-0.7.0.gemspec
I, [2015-05-07T21:26:43.220427 #35863]  INFO -- : 0:  json (1.8.2) from /Users/andrea/.rvm/gems/ruby-2.1.0/specifications/json-1.8.2.gemspec
I, [2015-05-07T21:26:44.771230 #35863]  INFO -- : 0:  minitest (5.6.1) from /Users/andrea/.rvm/gems/ruby-2.1.0/specifications/minitest-5.6.1.gemspec
I, [2015-05-07T21:26:46.548359 #35863]  INFO -- : 0:  thread_safe (0.3.5) from /Users/andrea/.rvm/gems/ruby-2.1.0/specifications/thread_safe-0.3.5.gemspec
I, [2015-05-07T21:26:46.548917 #35863]  INFO -- : 0:  tzinfo (1.2.2) from /Users/andrea/.rvm/gems/ruby-2.1.0/specifications/tzinfo-1.2.2.gemspec
I, [2015-05-07T21:26:49.126975 #35863]  INFO -- : 0:  activesupport (4.2.1) from /Users/andrea/.rvm/gems/ruby-2.1.0/specifications/activesupport-4.2.1.gemspec
I, [2015-05-07T21:26:49.127704 #35863]  INFO -- : 0:  blankslate (2.1.2.4) from /Users/andrea/.rvm/gems/ruby-2.1.0/specifications/blankslate-2.1.2.4.gemspec
I, [2015-05-07T21:26:49.128113 #35863]  INFO -- : 0:  hitimes (1.2.2) from /Users/andrea/.rvm/gems/ruby-2.1.0/specifications/hitimes-1.2.2.gemspec
I, [2015-05-07T21:26:49.128502 #35863]  INFO -- : 0:  timers (4.0.1) from /Users/andrea/.rvm/gems/ruby-2.1.0/specifications/timers-4.0.1.gemspec
I, [2015-05-07T21:26:49.128874 #35863]  INFO -- : 0:  celluloid (0.16.0) from /Users/andrea/.rvm/gems/ruby-2.1.0/specifications/celluloid-0.16.0.gemspec
I, [2015-05-07T21:26:49.129252 #35863]  INFO -- : 0:  fast-stemmer (1.0.2) from /Users/andrea/.rvm/gems/ruby-2.1.0/specifications/fast-stemmer-1.0.2.gemspec
I, [2015-05-07T21:26:49.129646 #35863]  INFO -- : 0:  classifier-reborn (2.0.3) from /Users/andrea/.rvm/gems/ruby-2.1.0/specifications/classifier-reborn-2.0.3.gemspec
I, [2015-05-07T21:26:50.589156 #35863]  INFO -- : 0:  coffee-script-source (1.9.1.1) from /Users/andrea/.rvm/gems/ruby-2.1.0/specifications/coffee-script-source-1.9.1.1.gemspec
I, [2015-05-07T21:26:51.912897 #35863]  INFO -- : 0:  execjs (2.5.2) from /Users/andrea/.rvm/gems/ruby-2.1.0/specifications/execjs-2.5.2.gemspec
I, [2015-05-07T21:26:53.150609 #35863]  INFO -- : 0:  coffee-script (2.4.1) from /Users/andrea/.rvm/gems/ruby-2.1.0/specifications/coffee-script-2.4.1.gemspec
I, [2015-05-07T21:26:53.151161 #35863]  INFO -- : 0:  colorator (0.1) from /Users/andrea/.rvm/gems/ruby-2.1.0/specifications/colorator-0.1.gemspec
I, [2015-05-07T21:27:05.125118 #35863]  INFO -- : 0:  ffi (1.9.8) from /Users/andrea/.rvm/gems/ruby-2.1.0/specifications/ffi-1.9.8.gemspec
I, [2015-05-07T21:27:05.126156 #35863]  INFO -- : 0:  gemoji (2.1.0) from /Users/andrea/.rvm/gems/ruby-2.1.0/specifications/gemoji-2.1.0.gemspec
I, [2015-05-07T21:27:05.126541 #35863]  INFO -- : 0:  net-dns (0.8.0) from /Users/andrea/.rvm/gems/ruby-2.1.0/specifications/net-dns-0.8.0.gemspec
I, [2015-05-07T21:27:06.706991 #35863]  INFO -- : 0:  public_suffix (1.5.1) from /Users/andrea/.rvm/gems/ruby-2.1.0/specifications/public_suffix-1.5.1.gemspec
I, [2015-05-07T21:27:08.213918 #35863]  INFO -- : 0:  github-pages-health-check (0.3.0) from /Users/andrea/.rvm/gems/ruby-2.1.0/specifications/github-pages-health-check-0.3.0.gemspec
I, [2015-05-07T21:27:08.214519 #35863]  INFO -- : 0:  jekyll-coffeescript (1.0.1) from /Users/andrea/.rvm/gems/ruby-2.1.0/specifications/jekyll-coffeescript-1.0.1.gemspec
I, [2015-05-07T21:27:09.472037 #35863]  INFO -- : 0:  jekyll-gist (1.2.1) from /Users/andrea/.rvm/gems/ruby-2.1.0/specifications/jekyll-gist-1.2.1.gemspec
I, [2015-05-07T21:27:09.472605 #35863]  INFO -- : 0:  jekyll-paginate (1.1.0) from /Users/andrea/.rvm/gems/ruby-2.1.0/specifications/jekyll-paginate-1.1.0.gemspec
I, [2015-05-07T21:27:12.101682 #35863]  INFO -- : 0:  sass (3.4.13) from /Users/andrea/.rvm/gems/ruby-2.1.0/specifications/sass-3.4.13.gemspec
I, [2015-05-07T21:27:12.102319 #35863]  INFO -- : 0:  jekyll-sass-converter (1.2.0) from /Users/andrea/.rvm/gems/ruby-2.1.0/specifications/jekyll-sass-converter-1.2.0.gemspec
I, [2015-05-07T21:27:12.102818 #35863]  INFO -- : 0:  rb-fsevent (0.9.4) from /Users/andrea/.rvm/gems/ruby-2.1.0/specifications/rb-fsevent-0.9.4.gemspec
I, [2015-05-07T21:27:12.103231 #35863]  INFO -- : 0:  rb-inotify (0.9.5) from /Users/andrea/.rvm/gems/ruby-2.1.0/specifications/rb-inotify-0.9.5.gemspec
I, [2015-05-07T21:27:13.461025 #35863]  INFO -- : 0:  listen (2.10.0) from /Users/andrea/.rvm/gems/ruby-2.1.0/specifications/listen-2.10.0.gemspec
I, [2015-05-07T21:27:13.461732 #35863]  INFO -- : 0:  jekyll-watch (1.2.1) from /Users/andrea/.rvm/gems/ruby-2.1.0/specifications/jekyll-watch-1.2.1.gemspec
I, [2015-05-07T21:27:13.462234 #35863]  INFO -- : 0:  kramdown (1.5.0) from /Users/andrea/.rvm/gems/ruby-2.1.0/specifications/kramdown-1.5.0.gemspec
I, [2015-05-07T21:27:13.462595 #35863]  INFO -- : 0:  liquid (2.6.1) from /Users/andrea/.rvm/gems/ruby-2.1.0/specifications/liquid-2.6.1.gemspec
I, [2015-05-07T21:27:13.463016 #35863]  INFO -- : 0:  mercenary (0.3.5) from /Users/andrea/.rvm/gems/ruby-2.1.0/specifications/mercenary-0.3.5.gemspec
I, [2015-05-07T21:27:15.232678 #35863]  INFO -- : 0:  posix-spawn (0.3.11) from /Users/andrea/.rvm/gems/ruby-2.1.0/specifications/posix-spawn-0.3.11.gemspec
I, [2015-05-07T21:27:15.233585 #35863]  INFO -- : 0:  yajl-ruby (1.2.1) from /Users/andrea/.rvm/gems/ruby-2.1.0/specifications/yajl-ruby-1.2.1.gemspec
I, [2015-05-07T21:27:15.234136 #35863]  INFO -- : 0:  pygments.rb (0.6.1) from /Users/andrea/.rvm/gems/ruby-2.1.0/specifications/pygments.rb-0.6.1.gemspec
I, [2015-05-07T21:27:15.234813 #35863]  INFO -- : 0:  redcarpet (3.1.2) from /Users/andrea/.rvm/gems/ruby-2.1.0/specifications/redcarpet-3.1.2.gemspec
I, [2015-05-07T21:27:15.235341 #35863]  INFO -- : 0:  safe_yaml (1.0.4) from /Users/andrea/.rvm/gems/ruby-2.1.0/specifications/safe_yaml-1.0.4.gemspec
I, [2015-05-07T21:27:15.236035 #35863]  INFO -- : 0:  parslet (1.5.0) from /Users/andrea/.rvm/gems/ruby-2.1.0/specifications/parslet-1.5.0.gemspec
I, [2015-05-07T21:27:15.236561 #35863]  INFO -- : 0:  toml (0.1.2) from /Users/andrea/.rvm/gems/ruby-2.1.0/specifications/toml-0.1.2.gemspec
I, [2015-05-07T21:27:15.237066 #35863]  INFO -- : 0:  jekyll (2.4.0) from /Users/andrea/.rvm/gems/ruby-2.1.0/specifications/jekyll-2.4.0.gemspec
I, [2015-05-07T21:27:15.237528 #35863]  INFO -- : 0:  mini_portile (0.6.2) from /Users/andrea/.rvm/gems/ruby-2.1.0/specifications/mini_portile-0.6.2.gemspec
I, [2015-05-07T21:27:15.238183 #35863]  INFO -- : 0:  nokogiri (1.6.6.2) from /Users/andrea/.rvm/gems/ruby-2.1.0/specifications/nokogiri-1.6.6.2.gemspec
I, [2015-05-07T21:27:15.238687 #35863]  INFO -- : 0:  html-pipeline (1.9.0) from /Users/andrea/.rvm/gems/ruby-2.1.0/specifications/html-pipeline-1.9.0.gemspec
I, [2015-05-07T21:27:15.239276 #35863]  INFO -- : 0:  jekyll-mentions (0.2.1) from /Users/andrea/.rvm/gems/ruby-2.1.0/specifications/jekyll-mentions-0.2.1.gemspec
I, [2015-05-07T21:27:15.239763 #35863]  INFO -- : 0:  jekyll-redirect-from (0.6.2) from /Users/andrea/.rvm/gems/ruby-2.1.0/specifications/jekyll-redirect-from-0.6.2.gemspec
I, [2015-05-07T21:27:16.847218 #35863]  INFO -- : 0:  jekyll-sitemap (0.8.1) from /Users/andrea/.rvm/gems/ruby-2.1.0/specifications/jekyll-sitemap-0.8.1.gemspec
I, [2015-05-07T21:27:16.847766 #35863]  INFO -- : 0:  jemoji (0.4.0) from /Users/andrea/.rvm/gems/ruby-2.1.0/specifications/jemoji-0.4.0.gemspec
I, [2015-05-07T21:27:16.848174 #35863]  INFO -- : 0:  maruku (0.7.0) from /Users/andrea/.rvm/gems/ruby-2.1.0/specifications/maruku-0.7.0.gemspec
I, [2015-05-07T21:27:16.848552 #35863]  INFO -- : 0:  rdiscount (2.1.7) from /Users/andrea/.rvm/gems/ruby-2.1.0/specifications/rdiscount-2.1.7.gemspec
I, [2015-05-07T21:27:16.848951 #35863]  INFO -- : 0:  terminal-table (1.4.5) from /Users/andrea/.rvm/gems/ruby-2.1.0/specifications/terminal-table-1.4.5.gemspec
I, [2015-05-07T21:27:18.195281 #35863]  INFO -- : 0:  github-pages (34) from /Users/andrea/.rvm/gems/ruby-2.1.0/specifications/github-pages-34.gemspec
I, [2015-05-07T21:27:18.196010 #35863]  INFO -- : 0:  bundler (1.5.1) from /Users/andrea/.rvm/gems/ruby-2.1.0@global/specifications/bundler-1.5.1.gemspec
